<?xml version="1.0" encoding="UTF-8"?>
<!-- Generated by org.testng.reporters.JUnitXMLReporter -->
<testsuite ignored="1" hostname="jayadeeps-MacBook-Pro.local" failures="0" tests="2" name="Test1" time="14.793" errors="0" timestamp="2021-06-13T10:02:32 IST">
  <testcase classname="seleniumtest1.TestduckduckgoTestNG" name="duckduckgoSearch" time="7.152"/>
  <testcase classname="seleniumtest1.TestduckduckgoTestNG2" name="duckduckgoSearch3" time="7.18"/>
  <testcase classname="seleniumtest1.TestduckduckgoTestNG2" name="duckduckgoSearch2" time="0.0">
    <ignored/>
  </testcase> <!-- duckduckgoSearch2 -->
</testsuite> <!-- Test1 -->
